<GameObjects>
<GameObject>
<Name>Plane</Name>
<Type>3</Type>
<Position>
<x>0.000000</x>
<y>1.000000</y>
<z>0.000000</z>
</Position>
<Scale>
<x>14.000000</x>
<y>14.000000</y>
<z>14.000000</z>
</Scale>
<Rotation>
<x>0.000000</x>
<y>0.000000</y>
<z>0.000000</z>
</Rotation>
<RigidBody>0</RigidBody>
</GameObject>
<GameObject>
<Name>Cube</Name>
<Type>2</Type>
<Position>
<x>-0.200000</x>
<y>2.320000</y>
<z>0.000000</z>
</Position>
<Scale>
<x>1.000000</x>
<y>1.000000</y>
<z>1.000000</z>
</Scale>
<Rotation>
<x>0.000000</x>
<y>0.000000</y>
<z>0.000000</z>
</Rotation>
<RigidBody>0</RigidBody>
</GameObject>
<GameObject>
<Name>Cube(1)</Name>
<Type>2</Type>
<Position>
<x>-2.070000</x>
<y>3.490000</y>
<z>0.000000</z>
</Position>
<Scale>
<x>1.000000</x>
<y>1.000000</y>
<z>1.000000</z>
</Scale>
<Rotation>
<x>0.000000</x>
<y>0.000000</y>
<z>0.000000</z>
</Rotation>
<RigidBody>0</RigidBody>
</GameObject>
<GameObject>
<Name>Cube(2)</Name>
<Type>2</Type>
<Position>
<x>-2.620000</x>
<y>3.940000</y>
<z>-1.630000</z>
</Position>
<Scale>
<x>1.000000</x>
<y>1.000000</y>
<z>1.000000</z>
</Scale>
<Rotation>
<x>0.000000</x>
<y>0.000000</y>
<z>0.000000</z>
</Rotation>
<RigidBody>0</RigidBody>
</GameObject>
</GameObjects>
